2021-11-07T13:12:03.752Z GET / 302 80 - 2.632 ms
2021-11-07T13:12:03.763Z GET / 302 80 - 0.215 ms
2021-11-07T13:12:03.778Z GET / 302 80 - 0.213 ms
2021-11-07T13:12:03.801Z GET / 302 80 - 0.234 ms
2021-11-07T13:12:03.811Z GET / 302 80 - 0.182 ms
2021-11-07T13:12:03.823Z GET / 302 80 - 0.207 ms
2021-11-07T13:12:03.835Z GET / 302 80 - 0.212 ms
2021-11-07T13:12:03.845Z GET / 302 80 - 0.182 ms
2021-11-07T13:12:03.853Z GET / 302 80 - 0.174 ms
2021-11-07T13:12:03.862Z GET / 302 80 - 0.201 ms
2021-11-07T13:12:03.872Z GET / 302 80 - 0.171 ms
2021-11-07T13:12:03.881Z GET / 302 80 - 0.168 ms
2021-11-07T13:12:03.890Z GET / 302 80 - 0.170 ms
2021-11-07T13:12:03.917Z GET / 302 80 - 0.235 ms
2021-11-07T13:12:03.927Z GET / 302 80 - 0.222 ms
2021-11-07T13:12:03.936Z GET / 302 80 - 0.184 ms
2021-11-07T13:12:03.946Z GET / 302 80 - 0.161 ms
2021-11-07T13:12:03.954Z GET / 302 80 - 0.175 ms
2021-11-07T13:12:03.963Z GET / 302 80 - 0.154 ms
2021-11-07T13:12:03.972Z GET / 302 80 - 0.158 ms
2021-11-07T13:12:03.981Z GET / 302 80 - 0.155 ms
2021-11-07T13:14:11.819Z GET / 302 80 - 3.235 ms
2021-11-07T13:14:11.830Z GET / 302 80 - 0.506 ms
2021-11-07T13:14:11.844Z GET / 302 80 - 0.292 ms
2021-11-07T13:14:11.857Z GET / 302 80 - 0.240 ms
2021-11-07T13:14:11.867Z GET / 302 80 - 0.252 ms
2021-11-07T13:14:11.876Z GET / 302 80 - 0.254 ms
2021-11-07T13:14:11.885Z GET / 302 80 - 0.271 ms
2021-11-07T13:14:11.895Z GET / 302 80 - 0.175 ms
2021-11-07T13:14:11.904Z GET / 302 80 - 0.191 ms
2021-11-07T13:14:11.915Z GET / 302 80 - 0.276 ms
2021-11-07T13:14:11.925Z GET / 302 80 - 0.176 ms
2021-11-07T13:14:11.934Z GET / 302 80 - 0.168 ms
2021-11-07T13:14:11.982Z GET / 302 80 - 0.192 ms
2021-11-07T13:14:11.995Z GET / 302 80 - 0.208 ms
2021-11-07T13:14:12.004Z GET / 302 80 - 0.172 ms
2021-11-07T13:14:12.012Z GET / 302 80 - 0.162 ms
2021-11-07T13:14:12.028Z GET / 302 80 - 0.168 ms
2021-11-07T13:14:12.037Z GET / 302 80 - 0.201 ms
2021-11-07T13:14:12.076Z GET / 302 80 - 0.191 ms
2021-11-07T13:14:12.086Z GET / 302 80 - 0.175 ms
2021-11-07T13:14:12.095Z GET / 302 80 - 0.157 ms
2021-11-07T13:16:05.502Z GET / 302 80 - 0.379 ms
2021-11-07T13:16:05.515Z GET / 302 80 - 0.159 ms
2021-11-07T13:16:05.529Z GET / 302 80 - 0.232 ms
2021-11-07T13:16:05.545Z GET / 302 80 - 0.192 ms
2021-11-07T13:16:05.559Z GET / 302 80 - 0.194 ms
2021-11-07T13:16:05.578Z GET / 302 80 - 0.191 ms
2021-11-07T13:16:05.591Z GET / 302 80 - 0.170 ms
2021-11-07T13:16:05.602Z GET / 302 80 - 0.209 ms
2021-11-07T13:16:05.614Z GET / 302 80 - 0.153 ms
2021-11-07T13:16:05.624Z GET / 302 80 - 0.155 ms
2021-11-07T13:16:05.632Z GET / 302 80 - 0.141 ms
2021-11-07T13:16:05.701Z GET / 302 80 - 0.163 ms
2021-11-07T13:16:05.711Z GET / 302 80 - 0.147 ms
2021-11-07T13:16:05.720Z GET / 302 80 - 0.141 ms
2021-11-07T13:16:05.729Z GET / 302 80 - 0.150 ms
2021-11-07T13:16:05.739Z GET / 302 80 - 0.195 ms
2021-11-07T13:16:05.775Z GET / 302 80 - 0.148 ms
2021-11-07T13:16:05.787Z GET / 302 80 - 0.150 ms
2021-11-07T13:16:05.796Z GET / 302 80 - 0.168 ms
2021-11-07T13:16:05.805Z GET / 302 80 - 0.141 ms
2021-11-07T13:16:05.814Z GET / 302 80 - 0.162 ms
2021-11-07T13:16:08.135Z GET / 200 - - 15.806 ms
2021-11-07T13:16:08.328Z GET /public/css/index.css 200 898 - 4.581 ms
2021-11-07T13:16:08.330Z GET /public/css/fonts.css 200 278 - 0.492 ms
2021-11-07T13:16:08.360Z GET /public/css/queries.css 200 - - 0.423 ms
2021-11-07T13:16:08.376Z GET /public/css/base.css 200 - - 0.777 ms
2021-11-07T13:16:08.376Z GET /public/css/parallax.css 200 460 - 1.270 ms
2021-11-07T13:16:08.378Z GET /public/css/pages/portfolio.css 200 420 - 0.873 ms
2021-11-07T13:16:08.379Z GET /public/css/pages/landing.css 200 745 - 0.427 ms
2021-11-07T13:16:08.386Z GET /public/css/pages/cv.css 200 - - 0.375 ms
2021-11-07T13:16:08.387Z GET /public/css/fragments/stickyheader.css 200 130 - 1.312 ms
2021-11-07T13:16:08.388Z GET /public/css/fragments/simpleGreeting.css 200 227 - 1.327 ms
2021-11-07T13:16:08.388Z GET /public/css/fragments/fancyGreeting.css 200 230 - 1.140 ms
2021-11-07T13:16:08.475Z GET /public/res/DSC_137_background.webp 200 2271302 - 0.557 ms
2021-11-07T13:16:08.616Z GET /public/res/favicon/favicon-16x16.png 200 588 - 0.825 ms
2021-11-07T13:16:08.616Z GET /public/res/favicon/apple-touch-icon.png 200 25332 - 1.043 ms
2021-11-07T13:16:12.425Z GET / 304 - - 0.797 ms
2021-11-07T13:16:12.486Z GET /public/css/index.css 304 - - 2.788 ms
2021-11-07T13:16:12.486Z GET /public/css/fonts.css 304 - - 2.594 ms
2021-11-07T13:16:12.522Z GET /public/css/queries.css 304 - - 0.851 ms
2021-11-07T13:16:12.523Z GET /public/css/base.css 304 - - 0.670 ms
2021-11-07T13:16:12.523Z GET /public/css/parallax.css 304 - - 0.497 ms
2021-11-07T13:16:12.524Z GET /public/css/pages/landing.css 304 - - 0.671 ms
2021-11-07T13:16:12.524Z GET /public/css/pages/portfolio.css 304 - - 0.380 ms
2021-11-07T13:16:12.526Z GET /public/css/fragments/stickyheader.css 304 - - 0.412 ms
2021-11-07T13:16:12.526Z GET /public/css/fragments/simpleGreeting.css 304 - - 0.325 ms
2021-11-07T13:16:12.527Z GET /public/css/fragments/fancyGreeting.css 304 - - 0.177 ms
2021-11-07T13:16:12.528Z GET /public/css/pages/cv.css 304 - - 0.168 ms
2021-11-07T13:16:12.726Z GET /public/res/DSC_137_background.webp 304 - - 0.307 ms
2021-11-07T13:16:15.971Z GET / 304 - - 0.880 ms
2021-11-07T13:16:16.080Z GET /public/css/index.css 304 - - 0.654 ms
2021-11-07T13:16:16.081Z GET /public/css/fonts.css 304 - - 0.501 ms
2021-11-07T13:16:16.129Z GET /public/css/queries.css 304 - - 0.536 ms
2021-11-07T13:16:16.129Z GET /public/css/base.css 304 - - 0.415 ms
2021-11-07T13:16:16.130Z GET /public/css/parallax.css 304 - - 0.213 ms
2021-11-07T13:16:16.130Z GET /public/css/pages/landing.css 304 - - 0.311 ms
2021-11-07T13:16:16.131Z GET /public/css/pages/portfolio.css 304 - - 0.198 ms
2021-11-07T13:16:16.132Z GET /public/css/pages/cv.css 304 - - 0.276 ms
2021-11-07T13:16:16.133Z GET /public/css/fragments/stickyheader.css 304 - - 0.299 ms
2021-11-07T13:16:16.135Z GET /public/css/fragments/simpleGreeting.css 304 - - 0.386 ms
2021-11-07T13:16:16.136Z GET /public/css/fragments/fancyGreeting.css 304 - - 0.239 ms
2021-11-07T13:16:16.257Z GET /public/res/DSC_137_background.webp 304 - - 0.700 ms
2021-11-07T13:16:29.198Z GET /public/res/favicon/apple-touch-icon.png 200 25332 - 0.758 ms
2021-11-07T13:20:42.332Z GET / 304 - - 14.675 ms
2021-11-07T13:20:42.387Z GET /public/css/index.css 304 - - 1.573 ms
2021-11-07T13:20:42.394Z GET /public/css/fonts.css 200 278 - 2.061 ms
2021-11-07T13:20:42.408Z GET /public/css/queries.css 304 - - 0.303 ms
2021-11-07T13:20:42.409Z GET /public/css/base.css 304 - - 0.397 ms
2021-11-07T13:20:42.412Z GET /public/css/parallax.css 304 - - 0.463 ms
2021-11-07T13:20:42.413Z GET /public/css/pages/landing.css 304 - - 0.918 ms
2021-11-07T13:20:42.414Z GET /public/css/pages/portfolio.css 304 - - 0.650 ms
2021-11-07T13:20:42.414Z GET /public/css/pages/cv.css 304 - - 0.693 ms
2021-11-07T13:20:42.416Z GET /public/css/fragments/simpleGreeting.css 304 - - 0.565 ms
2021-11-07T13:20:42.416Z GET /public/css/fragments/fancyGreeting.css 304 - - 0.410 ms
2021-11-07T13:20:42.418Z GET /public/css/fragments/stickyheader.css 304 - - 0.681 ms
2021-11-07T13:20:42.551Z GET /public/res/DSC_137_background.webp 304 - - 0.336 ms
2021-11-07T13:20:42.771Z GET /public/res/favicon/apple-touch-icon.png 200 25332 - 4.361 ms
2021-11-07T13:20:42.772Z GET /public/res/favicon/favicon-16x16.png - - - - ms
2021-11-07T13:20:46.074Z GET / 304 - - 0.571 ms
2021-11-07T13:20:46.155Z GET /public/css/index.css 304 - - 0.625 ms
2021-11-07T13:20:46.155Z GET /public/css/fonts.css 304 - - 0.482 ms
2021-11-07T13:20:46.173Z GET /public/css/queries.css 304 - - 0.758 ms
2021-11-07T13:20:46.173Z GET /public/css/base.css 304 - - 0.615 ms
2021-11-07T13:20:46.173Z GET /public/css/parallax.css 304 - - 0.477 ms
2021-11-07T13:20:46.177Z GET /public/css/pages/portfolio.css 304 - - 1.834 ms
2021-11-07T13:20:46.177Z GET /public/css/pages/cv.css 304 - - 1.070 ms
2021-11-07T13:20:46.177Z GET /public/css/fragments/stickyheader.css 304 - - 0.567 ms
2021-11-07T13:20:46.179Z GET /public/css/fragments/fancyGreeting.css 304 - - 0.292 ms
2021-11-07T13:20:46.180Z GET /public/css/pages/landing.css 304 - - 1.056 ms
2021-11-07T13:20:46.180Z GET /public/css/fragments/simpleGreeting.css 304 - - 0.516 ms
2021-11-07T13:20:46.198Z GET /public/res/DSC_137_background.webp 304 - - 0.345 ms
2021-11-07T13:20:51.336Z GET / 200 - - 0.803 ms
2021-11-07T13:20:51.447Z GET /public/css/index.css 200 898 - 0.915 ms
2021-11-07T13:20:51.448Z GET /public/css/fonts.css 304 - - 0.321 ms
2021-11-07T13:20:51.468Z GET /public/css/parallax.css 304 - - 0.274 ms
2021-11-07T13:20:51.469Z GET /public/css/pages/landing.css 304 - - 0.179 ms
2021-11-07T13:20:51.470Z GET /public/css/pages/portfolio.css 304 - - 0.314 ms
2021-11-07T13:20:51.470Z GET /public/css/queries.css 304 - - 0.170 ms
2021-11-07T13:20:51.473Z GET /public/css/base.css 304 - - 0.515 ms
2021-11-07T13:20:51.473Z GET /public/css/fragments/stickyheader.css 304 - - 0.398 ms
2021-11-07T13:20:51.475Z GET /public/css/pages/cv.css 304 - - 0.344 ms
2021-11-07T13:20:51.475Z GET /public/css/fragments/simpleGreeting.css 304 - - 0.343 ms
2021-11-07T13:20:51.479Z GET /public/css/fragments/fancyGreeting.css 304 - - 0.248 ms
2021-11-07T13:20:51.562Z GET /public/res/DSC_137_background.webp 304 - - 0.379 ms
2021-11-07T13:23:26.955Z GET / 304 - - 16.251 ms
2021-11-07T13:23:27.014Z GET /public/css/index.css 304 - - 1.808 ms
2021-11-07T13:23:27.017Z GET /public/css/fonts.css 304 - - 0.330 ms
2021-11-07T13:23:27.060Z GET /public/css/queries.css 304 - - 0.870 ms
2021-11-07T13:23:27.060Z GET /public/css/base.css 304 - - 0.583 ms
2021-11-07T13:23:27.065Z GET /public/css/pages/landing.css 304 - - 0.899 ms
2021-11-07T13:23:27.065Z GET /public/css/pages/portfolio.css 304 - - 0.781 ms
2021-11-07T13:23:27.065Z GET /public/css/parallax.css 304 - - 0.580 ms
2021-11-07T13:23:27.071Z GET /public/css/fragments/stickyheader.css 304 - - 1.309 ms
2021-11-07T13:23:27.071Z GET /public/css/fragments/simpleGreeting.css 304 - - 1.035 ms
2021-11-07T13:23:27.071Z GET /public/css/fragments/fancyGreeting.css 304 - - 0.826 ms
2021-11-07T13:23:27.071Z GET /public/css/pages/cv.css 304 - - 0.635 ms
2021-11-07T13:23:27.144Z GET /public/res/DSC_137_background.webp 304 - - 0.497 ms
2021-11-07T13:25:34.739Z GET / 200 - - 17.715 ms
2021-11-07T13:25:34.800Z GET /public/css/index.css 200 898 - 2.678 ms
2021-11-07T13:25:34.802Z GET /public/css/fonts.css 200 278 - 0.404 ms
2021-11-07T13:25:34.831Z GET /public/css/queries.css 200 - - 1.340 ms
2021-11-07T13:25:34.832Z GET /public/css/base.css 200 - - 2.290 ms
2021-11-07T13:25:34.833Z GET /public/css/parallax.css 200 460 - 3.586 ms
2021-11-07T13:25:34.833Z GET /public/css/pages/landing.css 200 745 - 3.841 ms
2021-11-07T13:25:34.834Z GET /public/css/pages/portfolio.css 200 420 - 4.027 ms
2021-11-07T13:25:34.837Z GET /public/css/fragments/stickyheader.css 200 130 - 2.664 ms
2021-11-07T13:25:34.838Z GET /public/css/pages/cv.css 200 - - 4.262 ms
2021-11-07T13:25:34.838Z GET /public/css/fragments/simpleGreeting.css 200 227 - 2.738 ms
2021-11-07T13:25:34.839Z GET /public/css/fragments/fancyGreeting.css 200 230 - 2.762 ms
2021-11-07T13:25:34.948Z GET /public/res/DSC_137_background.webp 200 2271302 - 0.646 ms
2021-11-07T13:25:35.182Z GET /public/res/favicon/apple-touch-icon.png 200 25332 - 0.834 ms
2021-11-07T13:25:35.183Z GET /public/res/favicon/favicon-16x16.png 200 588 - 1.028 ms
2021-11-07T13:27:23.301Z GET / 302 80 - 2.470 ms
2021-11-07T13:27:23.331Z GET / 304 - - 15.753 ms
2021-11-07T13:27:23.383Z GET /public/css/index.css 304 - - 1.837 ms
2021-11-07T13:27:23.386Z GET /public/css/fonts.css 304 - - 0.914 ms
2021-11-07T13:27:23.410Z GET /public/css/queries.css 304 - - 0.320 ms
2021-11-07T13:27:23.411Z GET /public/css/base.css 304 - - 0.474 ms
2021-11-07T13:27:23.416Z GET /public/css/pages/portfolio.css 304 - - 0.890 ms
2021-11-07T13:27:23.417Z GET /public/css/pages/cv.css 304 - - 0.900 ms
2021-11-07T13:27:23.424Z GET /public/css/fragments/simpleGreeting.css 304 - - 0.708 ms
2021-11-07T13:27:23.424Z GET /public/css/fragments/fancyGreeting.css 304 - - 0.525 ms
2021-11-07T13:27:23.428Z GET /public/css/parallax.css 304 - - 0.795 ms
2021-11-07T13:27:23.429Z GET /public/css/pages/landing.css 304 - - 0.541 ms
2021-11-07T13:27:23.430Z GET /public/css/fragments/stickyheader.css 304 - - 0.335 ms
2021-11-07T13:27:23.446Z GET /public/res/DSC_137_background.webp 304 - - 0.321 ms
2021-11-07T13:28:01.848Z GET / 304 - - 0.882 ms
2021-11-07T13:28:02.135Z GET /public/css/index.css 304 - - 0.611 ms
2021-11-07T13:28:02.138Z GET /public/css/fonts.css 304 - - 0.411 ms
2021-11-07T13:28:02.170Z GET /public/css/base.css 304 - - 0.263 ms
2021-11-07T13:28:02.171Z GET /public/css/parallax.css 304 - - 0.231 ms
2021-11-07T13:28:02.172Z GET /public/css/queries.css 304 - - 0.268 ms
2021-11-07T13:28:02.173Z GET /public/css/pages/landing.css 304 - - 0.234 ms
2021-11-07T13:28:02.174Z GET /public/css/pages/portfolio.css 304 - - 0.190 ms
2021-11-07T13:28:02.179Z GET /public/css/fragments/stickyheader.css 200 130 - 3.088 ms
2021-11-07T13:28:02.182Z GET /public/css/fragments/simpleGreeting.css 200 227 - 5.113 ms
2021-11-07T13:28:02.182Z GET /public/css/pages/cv.css 304 - - 0.826 ms
2021-11-07T13:28:02.183Z GET /public/css/fragments/fancyGreeting.css 304 - - 0.223 ms
2021-11-07T13:28:02.220Z GET /public/res/DSC_137_background.webp 304 - - 0.317 ms
2021-11-07T13:28:04.938Z GET / 302 80 - 0.263 ms
2021-11-07T13:28:04.954Z GET / 304 - - 0.598 ms
2021-11-07T13:28:05.023Z GET /public/css/index.css 304 - - 0.866 ms
2021-11-07T13:28:05.023Z GET /public/css/fonts.css 304 - - 0.484 ms
2021-11-07T13:28:05.040Z GET /public/css/fragments/stickyheader.css 304 - - 0.595 ms
2021-11-07T13:28:05.040Z GET /public/css/queries.css 304 - - 0.349 ms
2021-11-07T13:28:05.042Z GET /public/css/base.css 304 - - 0.626 ms
2021-11-07T13:28:05.042Z GET /public/css/parallax.css 304 - - 0.537 ms
2021-11-07T13:28:05.042Z GET /public/css/pages/landing.css 304 - - 0.427 ms
2021-11-07T13:28:05.043Z GET /public/css/pages/portfolio.css 304 - - 1.535 ms
2021-11-07T13:28:05.046Z GET /public/css/fragments/fancyGreeting.css 304 - - 0.246 ms
2021-11-07T13:28:05.047Z GET /public/css/pages/cv.css 304 - - 0.198 ms
2021-11-07T13:28:05.048Z GET /public/css/fragments/simpleGreeting.css 304 - - 0.299 ms
2021-11-07T13:28:05.066Z GET /public/res/DSC_137_background.webp 304 - - 0.289 ms
2021-11-07T13:28:14.177Z GET / 304 - - 14.680 ms
2021-11-07T13:28:14.218Z GET /public/css/index.css 304 - - 1.992 ms
2021-11-07T13:28:14.221Z GET /public/css/fonts.css 304 - - 0.330 ms
2021-11-07T13:28:14.236Z GET /public/css/queries.css 304 - - 0.281 ms
2021-11-07T13:28:14.236Z GET /public/css/base.css 304 - - 0.410 ms
2021-11-07T13:28:14.237Z GET /public/css/parallax.css 304 - - 0.392 ms
2021-11-07T13:28:14.237Z GET /public/css/pages/landing.css 304 - - 0.257 ms
2021-11-07T13:28:14.241Z GET /public/css/pages/cv.css 304 - - 0.650 ms
2021-11-07T13:28:14.242Z GET /public/css/fragments/stickyheader.css 304 - - 0.675 ms
2021-11-07T13:28:14.242Z GET /public/css/pages/portfolio.css 304 - - 0.395 ms
2021-11-07T13:28:14.244Z GET /public/css/fragments/fancyGreeting.css 304 - - 0.255 ms
2021-11-07T13:28:14.247Z GET /public/css/fragments/simpleGreeting.css 304 - - 0.252 ms
2021-11-07T13:28:14.263Z GET /public/res/DSC_137_background.webp 304 - - 0.346 ms
2021-11-07T13:28:17.250Z GET / 200 - - 0.676 ms
2021-11-07T13:28:17.459Z GET /public/css/index.css 304 - - 0.405 ms
2021-11-07T13:28:17.460Z GET /public/css/fonts.css 304 - - 0.219 ms
2021-11-07T13:28:17.485Z GET /public/css/queries.css 304 - - 0.750 ms
2021-11-07T13:28:17.486Z GET /public/css/base.css 304 - - 0.774 ms
2021-11-07T13:28:17.486Z GET /public/css/fragments/simpleGreeting.css 304 - - 0.336 ms
2021-11-07T13:28:17.488Z GET /public/css/fragments/stickyheader.css 304 - - 1.100 ms
2021-11-07T13:28:17.488Z GET /public/css/parallax.css 304 - - 1.195 ms
2021-11-07T13:28:17.488Z GET /public/css/pages/landing.css 304 - - 1.244 ms
2021-11-07T13:28:17.489Z GET /public/css/pages/portfolio.css 304 - - 1.314 ms
2021-11-07T13:28:17.489Z GET /public/css/fragments/fancyGreeting.css 304 - - 1.303 ms
2021-11-07T13:28:17.490Z GET /public/css/pages/cv.css 304 - - 0.426 ms
2021-11-07T13:28:17.565Z GET /public/res/DSC_137_background.webp 304 - - 0.248 ms
